<?xml version="1.0" encoding="UTF-8"?>
<!-- Generated by org.testng.reporters.JUnitReportReporter -->
<testsuite hostname="DESKTOP-AV552BS" failures="0" tests="4" name="tests.LoginTests" time="7.241" errors="0" timestamp="2025-09-20T15:10:19 ICT" skipped="0">
  <testcase classname="tests.LoginTests" name="validLogin" time="1.929"/>
  <testcase classname="tests.LoginTests" name="validLogin" time="1.682"/>
  <testcase classname="tests.LoginTests" name="lockedUserLogin" time="1.685"/>
  <testcase classname="tests.LoginTests" name="lockedUserLogin" time="1.945"/>
</testsuite> <!-- tests.LoginTests -->
