<?xml version="1.0" encoding="UTF-8"?>
<!-- Generated by org.testng.reporters.JUnitReportReporter -->
<testsuite hostname="DESKTOP-AV552BS" failures="0" tests="4" name="tests.LoginTests" time="10.798" errors="0" timestamp="2025-09-21T03:35:09 ICT" skipped="0">
  <testcase classname="tests.LoginTests" name="validLogin" time="2.330"/>
  <testcase classname="tests.LoginTests" name="validLogin" time="2.713"/>
  <testcase classname="tests.LoginTests" name="lockedUserLogin" time="2.383"/>
  <testcase classname="tests.LoginTests" name="lockedUserLogin" time="3.372"/>
</testsuite> <!-- tests.LoginTests -->
