<?xml version="1.0" encoding="UTF-8"?>
<!-- Generated by org.testng.reporters.JUnitReportReporter -->
<testsuite hostname="DESKTOP-AV552BS" failures="0" tests="2" name="tests.CheckoutFlowTests" time="7.047" errors="0" timestamp="2025-09-20T16:08:42 ICT" skipped="0">
  <testcase classname="tests.CheckoutFlowTests" name="completePurchase" time="4.563"/>
  <testcase classname="tests.CheckoutFlowTests" name="missingPostalCode" time="2.484"/>
</testsuite> <!-- tests.CheckoutFlowTests -->
