<?xml version="1.0" encoding="UTF-8"?>
<!-- Generated by org.testng.reporters.JUnitReportReporter -->
<testsuite hostname="DESKTOP-AV552BS" failures="0" tests="4" name="tests.LoginTests" time="9.990" errors="0" timestamp="2025-09-20T16:08:42 ICT" skipped="0">
  <testcase classname="tests.LoginTests" name="validLogin" time="2.120"/>
  <testcase classname="tests.LoginTests" name="validLogin" time="2.421"/>
  <testcase classname="tests.LoginTests" name="lockedUserLogin" time="3.245"/>
  <testcase classname="tests.LoginTests" name="lockedUserLogin" time="2.204"/>
</testsuite> <!-- tests.LoginTests -->
