<?xml version="1.0" encoding="UTF-8"?>
<!-- Generated by org.testng.reporters.JUnitReportReporter -->
<testsuite hostname="DESKTOP-AV552BS" failures="0" tests="1" name="tests.CartTests" time="3.219" errors="0" timestamp="2025-09-20T16:08:42 ICT" skipped="0">
  <testcase classname="tests.CartTests" name="addToCartIncrementsBadge" time="3.219"/>
</testsuite> <!-- tests.CartTests -->
