<?xml version="1.0" encoding="UTF-8"?>
<!-- Generated by org.testng.reporters.JUnitReportReporter -->
<testsuite hostname="DESKTOP-AV552BS" failures="0" tests="1" name="tests.SortingTests" time="1.924" errors="0" timestamp="2025-09-20T15:10:19 ICT" skipped="0">
  <testcase classname="tests.SortingTests" name="sortLowToHigh" time="1.924"/>
</testsuite> <!-- tests.SortingTests -->
