<?xml version="1.0" encoding="UTF-8"?>
<!-- Generated by org.testng.reporters.JUnitReportReporter -->
<testsuite hostname="DESKTOP-AV552BS" failures="0" tests="1" name="tests.SortingTests" time="2.316" errors="0" timestamp="2025-09-20T05:41:33 ICT" skipped="0">
  <testcase classname="tests.SortingTests" name="sortLowToHigh" time="2.316"/>
</testsuite> <!-- tests.SortingTests -->
