<?xml version="1.0" encoding="UTF-8"?>
<!-- Generated by org.testng.reporters.JUnitReportReporter -->
<testsuite hostname="DESKTOP-AV552BS" failures="0" tests="2" name="tests.CheckoutFlowTests" time="7.851" errors="0" timestamp="2025-09-20T17:21:38 ICT" skipped="0">
  <testcase classname="tests.CheckoutFlowTests" name="completePurchase" time="5.123"/>
  <testcase classname="tests.CheckoutFlowTests" name="missingPostalCode" time="2.728"/>
</testsuite> <!-- tests.CheckoutFlowTests -->
