<?xml version="1.0" encoding="UTF-8"?>
<!-- Generated by org.testng.reporters.JUnitReportReporter -->
<testsuite hostname="DESKTOP-AV552BS" failures="0" tests="1" name="tests.SortingTests" time="2.832" errors="0" timestamp="2025-09-21T13:03:24 ICT" skipped="0">
  <testcase classname="tests.SortingTests" name="sortLowToHigh" time="2.832"/>
</testsuite> <!-- tests.SortingTests -->
