<?xml version="1.0" encoding="UTF-8"?>
<!-- Generated by org.testng.reporters.JUnitReportReporter -->
<testsuite hostname="DESKTOP-AV552BS" failures="0" tests="2" name="tests.CheckoutFlowTests" time="7.410" errors="0" timestamp="2025-09-21T03:35:09 ICT" skipped="0">
  <testcase classname="tests.CheckoutFlowTests" name="completePurchase" time="3.565"/>
  <testcase classname="tests.CheckoutFlowTests" name="missingPostalCode" time="3.845"/>
</testsuite> <!-- tests.CheckoutFlowTests -->
