<?xml version="1.0" encoding="UTF-8"?>
<!-- Generated by org.testng.reporters.JUnitReportReporter -->
<testsuite hostname="DESKTOP-AV552BS" failures="0" tests="1" name="tests.SortingTests" time="3.145" errors="0" timestamp="2025-09-20T17:21:38 ICT" skipped="0">
  <testcase classname="tests.SortingTests" name="sortLowToHigh" time="3.145"/>
</testsuite> <!-- tests.SortingTests -->
