<?xml version="1.0" encoding="UTF-8"?>
<!-- Generated by org.testng.reporters.JUnitReportReporter -->
<testsuite hostname="DESKTOP-AV552BS" failures="0" tests="4" name="tests.LoginTests" time="10.925" errors="0" timestamp="2025-09-21T13:03:24 ICT" skipped="0">
  <testcase classname="tests.LoginTests" name="validLogin" time="2.162"/>
  <testcase classname="tests.LoginTests" name="validLogin" time="2.880"/>
  <testcase classname="tests.LoginTests" name="lockedUserLogin" time="3.675"/>
  <testcase classname="tests.LoginTests" name="lockedUserLogin" time="2.208"/>
</testsuite> <!-- tests.LoginTests -->
