<?xml version="1.0" encoding="UTF-8"?>
<!-- Generated by org.testng.reporters.JUnitReportReporter -->
<testsuite hostname="DESKTOP-AV552BS" failures="0" tests="2" name="tests.CheckoutFlowTests" time="8.081" errors="0" timestamp="2025-09-20T16:04:51 GMT+07:00" skipped="0">
  <testcase classname="tests.CheckoutFlowTests" name="completePurchase" time="5.562"/>
  <testcase classname="tests.CheckoutFlowTests" name="missingPostalCode" time="2.519"/>
</testsuite> <!-- tests.CheckoutFlowTests -->
