<?xml version="1.0" encoding="UTF-8"?>
<!-- Generated by org.testng.reporters.JUnitReportReporter -->
<testsuite hostname="DESKTOP-AV552BS" failures="0" tests="1" name="tests.CartTests" time="4.147" errors="0" timestamp="2025-09-21T13:03:24 ICT" skipped="0">
  <testcase classname="tests.CartTests" name="addToCartIncrementsBadge" time="4.147"/>
</testsuite> <!-- tests.CartTests -->
