<?xml version="1.0" encoding="UTF-8"?>
<!-- Generated by org.testng.reporters.JUnitReportReporter -->
<testsuite hostname="DESKTOP-AV552BS" failures="0" tests="1" name="tests.CartTests" time="2.570" errors="0" timestamp="2025-09-17T23:35:03 ICT" skipped="0">
  <testcase classname="tests.CartTests" name="addToCartIncrementsBadge" time="2.570"/>
</testsuite> <!-- tests.CartTests -->
