<?xml version="1.0" encoding="UTF-8"?>
<!-- Generated by org.testng.reporters.JUnitReportReporter -->
<testsuite hostname="DESKTOP-AV552BS" failures="0" tests="2" name="tests.LoginTests" time="5.189" errors="0" timestamp="2025-09-17T12:00:51 ICT" skipped="0">
  <testcase classname="tests.LoginTests" name="lockedUserLogin" time="2.120"/>
  <testcase classname="tests.LoginTests" name="validLogin" time="3.069"/>
</testsuite> <!-- tests.LoginTests -->
