<?xml version="1.0" encoding="UTF-8"?>
<!-- Generated by org.testng.reporters.JUnitReportReporter -->
<testsuite hostname="DESKTOP-AV552BS" failures="0" tests="4" name="tests.LoginTests" time="13.432" errors="0" timestamp="2025-09-20T16:04:51 GMT+07:00" skipped="0">
  <testcase classname="tests.LoginTests" name="validLogin" time="2.630"/>
  <testcase classname="tests.LoginTests" name="validLogin" time="3.329"/>
  <testcase classname="tests.LoginTests" name="lockedUserLogin" time="4.092"/>
  <testcase classname="tests.LoginTests" name="lockedUserLogin" time="3.381"/>
</testsuite> <!-- tests.LoginTests -->
