<?xml version="1.0" encoding="UTF-8"?>
<!-- Generated by org.testng.reporters.JUnitReportReporter -->
<testsuite hostname="DESKTOP-AV552BS" failures="0" tests="1" name="tests.SortingTests" time="2.665" errors="0" timestamp="2025-09-20T16:04:51 GMT+07:00" skipped="0">
  <testcase classname="tests.SortingTests" name="sortLowToHigh" time="2.665"/>
</testsuite> <!-- tests.SortingTests -->
