<?xml version="1.0" encoding="UTF-8"?>
<!-- Generated by org.testng.reporters.JUnitReportReporter -->
<testsuite hostname="DESKTOP-AV552BS" failures="0" tests="4" name="tests.LoginTests" time="10.920" errors="0" timestamp="2025-09-20T17:21:38 ICT" skipped="0">
  <testcase classname="tests.LoginTests" name="validLogin" time="2.241"/>
  <testcase classname="tests.LoginTests" name="validLogin" time="2.749"/>
  <testcase classname="tests.LoginTests" name="lockedUserLogin" time="3.693"/>
  <testcase classname="tests.LoginTests" name="lockedUserLogin" time="2.237"/>
</testsuite> <!-- tests.LoginTests -->
